<?xml version="1.0" encoding="UTF-8"?>
<testsuites>
  <testsuite name="" tests="43" assertions="75" errors="0" warnings="0" failures="0" skipped="0" time="0.026579">
    <testsuite name="Project Test Suite" tests="43" assertions="75" errors="0" warnings="0" failures="0" skipped="0" time="0.026579">
      <testsuite name="App\Card\CardGameTest" file="/home/andobambino/dbwebb-kurser/mvc/me/report/tests/Card/CardGameTest.php" tests="6" assertions="8" errors="0" warnings="0" failures="0" skipped="0" time="0.008241">
        <testcase name="testCreateCardGame" class="App\Card\CardGameTest" classname="App.Card.CardGameTest" file="/home/andobambino/dbwebb-kurser/mvc/me/report/tests/Card/CardGameTest.php" line="17" assertions="1" time="0.005226"/>
        <testcase name="testCardGameTemper" class="App\Card\CardGameTest" classname="App.Card.CardGameTest" file="/home/andobambino/dbwebb-kurser/mvc/me/report/tests/Card/CardGameTest.php" line="26" assertions="1" time="0.001568"/>
        <testcase name="testCardGameWinCheckerOne" class="App\Card\CardGameTest" classname="App.Card.CardGameTest" file="/home/andobambino/dbwebb-kurser/mvc/me/report/tests/Card/CardGameTest.php" line="42" assertions="1" time="0.000324"/>
        <testcase name="testCardGameWinCheckerTwo" class="App\Card\CardGameTest" classname="App.Card.CardGameTest" file="/home/andobambino/dbwebb-kurser/mvc/me/report/tests/Card/CardGameTest.php" line="67" assertions="1" time="0.000342"/>
        <testcase name="testCardGameWinCheckerThree" class="App\Card\CardGameTest" classname="App.Card.CardGameTest" file="/home/andobambino/dbwebb-kurser/mvc/me/report/tests/Card/CardGameTest.php" line="92" assertions="1" time="0.000390"/>
        <testcase name="testCardGameWinCheckerFour" class="App\Card\CardGameTest" classname="App.Card.CardGameTest" file="/home/andobambino/dbwebb-kurser/mvc/me/report/tests/Card/CardGameTest.php" line="116" assertions="3" time="0.000391"/>
      </testsuite>
      <testsuite name="App\Card\CardGraphicTest" file="/home/andobambino/dbwebb-kurser/mvc/me/report/tests/Card/CardGraphicTest.php" tests="4" assertions="8" errors="0" warnings="0" failures="0" skipped="0" time="0.000913">
        <testcase name="testCreateCardGraphic" class="App\Card\CardGraphicTest" classname="App.Card.CardGraphicTest" file="/home/andobambino/dbwebb-kurser/mvc/me/report/tests/Card/CardGraphicTest.php" line="16" assertions="1" time="0.000217"/>
        <testcase name="testCardGraphicCardPoint" class="App\Card\CardGraphicTest" classname="App.Card.CardGraphicTest" file="/home/andobambino/dbwebb-kurser/mvc/me/report/tests/Card/CardGraphicTest.php" line="26" assertions="1" time="0.000213"/>
        <testcase name="testCardGraphicTemper" class="App\Card\CardGraphicTest" classname="App.Card.CardGraphicTest" file="/home/andobambino/dbwebb-kurser/mvc/me/report/tests/Card/CardGraphicTest.php" line="40" assertions="1" time="0.000239"/>
        <testcase name="testCardGraphicColor" class="App\Card\CardGraphicTest" classname="App.Card.CardGraphicTest" file="/home/andobambino/dbwebb-kurser/mvc/me/report/tests/Card/CardGraphicTest.php" line="57" assertions="5" time="0.000244"/>
      </testsuite>
      <testsuite name="App\Card\CardHandTest" file="/home/andobambino/dbwebb-kurser/mvc/me/report/tests/Card/CardHandTest.php" tests="6" assertions="11" errors="0" warnings="0" failures="0" skipped="0" time="0.005833">
        <testcase name="testCreateCardHand" class="App\Card\CardHandTest" classname="App.Card.CardHandTest" file="/home/andobambino/dbwebb-kurser/mvc/me/report/tests/Card/CardHandTest.php" line="16" assertions="2" time="0.000608"/>
        <testcase name="testCardHandWholeDeck" class="App\Card\CardHandTest" classname="App.Card.CardHandTest" file="/home/andobambino/dbwebb-kurser/mvc/me/report/tests/Card/CardHandTest.php" line="28" assertions="1" time="0.000268"/>
        <testcase name="testCardHandShuffle" class="App\Card\CardHandTest" classname="App.Card.CardHandTest" file="/home/andobambino/dbwebb-kurser/mvc/me/report/tests/Card/CardHandTest.php" line="41" assertions="1" time="0.004095"/>
        <testcase name="testCardHandAdd" class="App\Card\CardHandTest" classname="App.Card.CardHandTest" file="/home/andobambino/dbwebb-kurser/mvc/me/report/tests/Card/CardHandTest.php" line="60" assertions="2" time="0.000284"/>
        <testcase name="testCardHandUnicodeString" class="App\Card\CardHandTest" classname="App.Card.CardHandTest" file="/home/andobambino/dbwebb-kurser/mvc/me/report/tests/Card/CardHandTest.php" line="81" assertions="2" time="0.000253"/>
        <testcase name="testCardHandDraw" class="App\Card\CardHandTest" classname="App.Card.CardHandTest" file="/home/andobambino/dbwebb-kurser/mvc/me/report/tests/Card/CardHandTest.php" line="101" assertions="3" time="0.000324"/>
      </testsuite>
      <testsuite name="App\Card\CardTest" file="/home/andobambino/dbwebb-kurser/mvc/me/report/tests/Card/CardTest.php" tests="3" assertions="4" errors="0" warnings="0" failures="0" skipped="0" time="0.000767">
        <testcase name="testCreateCard" class="App\Card\CardTest" classname="App.Card.CardTest" file="/home/andobambino/dbwebb-kurser/mvc/me/report/tests/Card/CardTest.php" line="16" assertions="2" time="0.000228"/>
        <testcase name="testCardUnicode" class="App\Card\CardTest" classname="App.Card.CardTest" file="/home/andobambino/dbwebb-kurser/mvc/me/report/tests/Card/CardTest.php" line="28" assertions="1" time="0.000243"/>
        <testcase name="testCardColor" class="App\Card\CardTest" classname="App.Card.CardTest" file="/home/andobambino/dbwebb-kurser/mvc/me/report/tests/Card/CardTest.php" line="40" assertions="1" time="0.000296"/>
      </testsuite>
      <testsuite name="App\Dice\DiceGraphicTest" file="/home/andobambino/dbwebb-kurser/mvc/me/report/tests/Dice/DiceGraphicTest.php" tests="2" assertions="2" errors="0" warnings="0" failures="0" skipped="0" time="0.001236">
        <testcase name="testCreateDiceGraphic" class="App\Dice\DiceGraphicTest" classname="App.Dice.DiceGraphicTest" file="/home/andobambino/dbwebb-kurser/mvc/me/report/tests/Dice/DiceGraphicTest.php" line="16" assertions="1" time="0.000627"/>
        <testcase name="testDiceGraphicDicePoint" class="App\Dice\DiceGraphicTest" classname="App.Dice.DiceGraphicTest" file="/home/andobambino/dbwebb-kurser/mvc/me/report/tests/Dice/DiceGraphicTest.php" line="26" assertions="1" time="0.000609"/>
      </testsuite>
      <testsuite name="App\Dice\DiceHandTest" file="/home/andobambino/dbwebb-kurser/mvc/me/report/tests/Dice/DiceHandTest.php" tests="4" assertions="5" errors="0" warnings="0" failures="0" skipped="0" time="0.001687">
        <testcase name="testCreateDiceHand" class="App\Dice\DiceHandTest" classname="App.Dice.DiceHandTest" file="/home/andobambino/dbwebb-kurser/mvc/me/report/tests/Dice/DiceHandTest.php" line="16" assertions="2" time="0.000566"/>
        <testcase name="testDiceAdd" class="App\Dice\DiceHandTest" classname="App.Dice.DiceHandTest" file="/home/andobambino/dbwebb-kurser/mvc/me/report/tests/Dice/DiceHandTest.php" line="28" assertions="1" time="0.000302"/>
        <testcase name="testDiceGetInt" class="App\Dice\DiceHandTest" classname="App.Dice.DiceHandTest" file="/home/andobambino/dbwebb-kurser/mvc/me/report/tests/Dice/DiceHandTest.php" line="44" assertions="1" time="0.000531"/>
        <testcase name="testDiceGetString" class="App\Dice\DiceHandTest" classname="App.Dice.DiceHandTest" file="/home/andobambino/dbwebb-kurser/mvc/me/report/tests/Dice/DiceHandTest.php" line="62" assertions="1" time="0.000288"/>
      </testsuite>
      <testsuite name="App\Dice\DiceTest" file="/home/andobambino/dbwebb-kurser/mvc/me/report/tests/Dice/DiceTest.php" tests="3" assertions="4" errors="0" warnings="0" failures="0" skipped="0" time="0.000882">
        <testcase name="testCreateDice" class="App\Dice\DiceTest" classname="App.Dice.DiceTest" file="/home/andobambino/dbwebb-kurser/mvc/me/report/tests/Dice/DiceTest.php" line="16" assertions="2" time="0.000255"/>
        <testcase name="testDiceRoll" class="App\Dice\DiceTest" classname="App.Dice.DiceTest" file="/home/andobambino/dbwebb-kurser/mvc/me/report/tests/Dice/DiceTest.php" line="28" assertions="1" time="0.000358"/>
        <testcase name="testDiceGetAsString" class="App\Dice\DiceTest" classname="App.Dice.DiceTest" file="/home/andobambino/dbwebb-kurser/mvc/me/report/tests/Dice/DiceTest.php" line="44" assertions="1" time="0.000269"/>
      </testsuite>
      <testsuite name="App\Proj\GameHandlerTest" file="/home/andobambino/dbwebb-kurser/mvc/me/report/tests/Proj/GameHandlerTest.php" tests="7" assertions="14" errors="0" warnings="0" failures="0" skipped="0" time="0.004048">
        <testcase name="testGameHandlerActionWithoutItem" class="App\Proj\GameHandlerTest" classname="App.Proj.GameHandlerTest" file="/home/andobambino/dbwebb-kurser/mvc/me/report/tests/Proj/GameHandlerTest.php" line="15" assertions="2" time="0.001301"/>
        <testcase name="testGameHandlerActionWithItem" class="App\Proj\GameHandlerTest" classname="App.Proj.GameHandlerTest" file="/home/andobambino/dbwebb-kurser/mvc/me/report/tests/Proj/GameHandlerTest.php" line="32" assertions="2" time="0.000619"/>
        <testcase name="testGameHandlerActionNotExist" class="App\Proj\GameHandlerTest" classname="App.Proj.GameHandlerTest" file="/home/andobambino/dbwebb-kurser/mvc/me/report/tests/Proj/GameHandlerTest.php" line="49" assertions="2" time="0.000395"/>
        <testcase name="testGameHandlerNoActions" class="App\Proj\GameHandlerTest" classname="App.Proj.GameHandlerTest" file="/home/andobambino/dbwebb-kurser/mvc/me/report/tests/Proj/GameHandlerTest.php" line="66" assertions="2" time="0.000407"/>
        <testcase name="testGameHandlerDead" class="App\Proj\GameHandlerTest" classname="App.Proj.GameHandlerTest" file="/home/andobambino/dbwebb-kurser/mvc/me/report/tests/Proj/GameHandlerTest.php" line="83" assertions="2" time="0.000341"/>
        <testcase name="testGameHandlerMsgImage" class="App\Proj\GameHandlerTest" classname="App.Proj.GameHandlerTest" file="/home/andobambino/dbwebb-kurser/mvc/me/report/tests/Proj/GameHandlerTest.php" line="100" assertions="2" time="0.000630"/>
        <testcase name="testGameHandlerSingleMsg" class="App\Proj\GameHandlerTest" classname="App.Proj.GameHandlerTest" file="/home/andobambino/dbwebb-kurser/mvc/me/report/tests/Proj/GameHandlerTest.php" line="117" assertions="2" time="0.000355"/>
      </testsuite>
      <testsuite name="App\Proj\RoomHandlerTest" file="/home/andobambino/dbwebb-kurser/mvc/me/report/tests/Proj/RoomHandlerTest.php" tests="8" assertions="19" errors="0" warnings="0" failures="0" skipped="0" time="0.002973">
        <testcase name="testRoomHandlerRooms" class="App\Proj\RoomHandlerTest" classname="App.Proj.RoomHandlerTest" file="/home/andobambino/dbwebb-kurser/mvc/me/report/tests/Proj/RoomHandlerTest.php" line="15" assertions="1" time="0.000296"/>
        <testcase name="testRoomHandlerContainsRooms" class="App\Proj\RoomHandlerTest" classname="App.Proj.RoomHandlerTest" file="/home/andobambino/dbwebb-kurser/mvc/me/report/tests/Proj/RoomHandlerTest.php" line="26" assertions="7" time="0.000312"/>
        <testcase name="testRoomHandlerRoomName" class="App\Proj\RoomHandlerTest" classname="App.Proj.RoomHandlerTest" file="/home/andobambino/dbwebb-kurser/mvc/me/report/tests/Proj/RoomHandlerTest.php" line="39" assertions="2" time="0.000331"/>
        <testcase name="testRoomCreate" class="App\Proj\RoomHandlerTest" classname="App.Proj.RoomHandlerTest" file="/home/andobambino/dbwebb-kurser/mvc/me/report/tests/Proj/RoomHandlerTest.php" line="51" assertions="3" time="0.000582"/>
        <testcase name="testRoomActions" class="App\Proj\RoomHandlerTest" classname="App.Proj.RoomHandlerTest" file="/home/andobambino/dbwebb-kurser/mvc/me/report/tests/Proj/RoomHandlerTest.php" line="71" assertions="1" time="0.000223"/>
        <testcase name="testRoomGetAction" class="App\Proj\RoomHandlerTest" classname="App.Proj.RoomHandlerTest" file="/home/andobambino/dbwebb-kurser/mvc/me/report/tests/Proj/RoomHandlerTest.php" line="89" assertions="2" time="0.000402"/>
        <testcase name="testRoomGetActionTwo" class="App\Proj\RoomHandlerTest" classname="App.Proj.RoomHandlerTest" file="/home/andobambino/dbwebb-kurser/mvc/me/report/tests/Proj/RoomHandlerTest.php" line="109" assertions="2" time="0.000578"/>
        <testcase name="testRoomGetActionThree" class="App\Proj\RoomHandlerTest" classname="App.Proj.RoomHandlerTest" file="/home/andobambino/dbwebb-kurser/mvc/me/report/tests/Proj/RoomHandlerTest.php" line="130" assertions="1" time="0.000249"/>
      </testsuite>
    </testsuite>
  </testsuite>
</testsuites>
