<?xml version="1.0" encoding="UTF-8"?>
<testsuites>
  <testsuite name="" tests="43" assertions="75" errors="0" warnings="0" failures="0" skipped="0" time="0.042144">
    <testsuite name="Project Test Suite" tests="43" assertions="75" errors="0" warnings="0" failures="0" skipped="0" time="0.042144">
      <testsuite name="App\Card\CardGameTest" file="/home/andobambino/dbwebb-kurser/mvc/me/report/tests/Card/CardGameTest.php" tests="6" assertions="8" errors="0" warnings="0" failures="0" skipped="0" time="0.014532">
        <testcase name="testCreateCardGame" class="App\Card\CardGameTest" classname="App.Card.CardGameTest" file="/home/andobambino/dbwebb-kurser/mvc/me/report/tests/Card/CardGameTest.php" line="17" assertions="1" time="0.008413"/>
        <testcase name="testCardGameTemper" class="App\Card\CardGameTest" classname="App.Card.CardGameTest" file="/home/andobambino/dbwebb-kurser/mvc/me/report/tests/Card/CardGameTest.php" line="26" assertions="1" time="0.003847"/>
        <testcase name="testCardGameWinCheckerOne" class="App\Card\CardGameTest" classname="App.Card.CardGameTest" file="/home/andobambino/dbwebb-kurser/mvc/me/report/tests/Card/CardGameTest.php" line="42" assertions="1" time="0.000562"/>
        <testcase name="testCardGameWinCheckerTwo" class="App\Card\CardGameTest" classname="App.Card.CardGameTest" file="/home/andobambino/dbwebb-kurser/mvc/me/report/tests/Card/CardGameTest.php" line="67" assertions="1" time="0.000707"/>
        <testcase name="testCardGameWinCheckerThree" class="App\Card\CardGameTest" classname="App.Card.CardGameTest" file="/home/andobambino/dbwebb-kurser/mvc/me/report/tests/Card/CardGameTest.php" line="92" assertions="1" time="0.000496"/>
        <testcase name="testCardGameWinCheckerFour" class="App\Card\CardGameTest" classname="App.Card.CardGameTest" file="/home/andobambino/dbwebb-kurser/mvc/me/report/tests/Card/CardGameTest.php" line="116" assertions="3" time="0.000507"/>
      </testsuite>
      <testsuite name="App\Card\CardGraphicTest" file="/home/andobambino/dbwebb-kurser/mvc/me/report/tests/Card/CardGraphicTest.php" tests="4" assertions="8" errors="0" warnings="0" failures="0" skipped="0" time="0.001392">
        <testcase name="testCreateCardGraphic" class="App\Card\CardGraphicTest" classname="App.Card.CardGraphicTest" file="/home/andobambino/dbwebb-kurser/mvc/me/report/tests/Card/CardGraphicTest.php" line="16" assertions="1" time="0.000310"/>
        <testcase name="testCardGraphicCardPoint" class="App\Card\CardGraphicTest" classname="App.Card.CardGraphicTest" file="/home/andobambino/dbwebb-kurser/mvc/me/report/tests/Card/CardGraphicTest.php" line="26" assertions="1" time="0.000342"/>
        <testcase name="testCardGraphicTemper" class="App\Card\CardGraphicTest" classname="App.Card.CardGraphicTest" file="/home/andobambino/dbwebb-kurser/mvc/me/report/tests/Card/CardGraphicTest.php" line="40" assertions="1" time="0.000380"/>
        <testcase name="testCardGraphicColor" class="App\Card\CardGraphicTest" classname="App.Card.CardGraphicTest" file="/home/andobambino/dbwebb-kurser/mvc/me/report/tests/Card/CardGraphicTest.php" line="57" assertions="5" time="0.000360"/>
      </testsuite>
      <testsuite name="App\Card\CardHandTest" file="/home/andobambino/dbwebb-kurser/mvc/me/report/tests/Card/CardHandTest.php" tests="6" assertions="11" errors="0" warnings="0" failures="0" skipped="0" time="0.008947">
        <testcase name="testCreateCardHand" class="App\Card\CardHandTest" classname="App.Card.CardHandTest" file="/home/andobambino/dbwebb-kurser/mvc/me/report/tests/Card/CardHandTest.php" line="16" assertions="2" time="0.000835"/>
        <testcase name="testCardHandWholeDeck" class="App\Card\CardHandTest" classname="App.Card.CardHandTest" file="/home/andobambino/dbwebb-kurser/mvc/me/report/tests/Card/CardHandTest.php" line="28" assertions="1" time="0.000574"/>
        <testcase name="testCardHandShuffle" class="App\Card\CardHandTest" classname="App.Card.CardHandTest" file="/home/andobambino/dbwebb-kurser/mvc/me/report/tests/Card/CardHandTest.php" line="41" assertions="1" time="0.006355"/>
        <testcase name="testCardHandAdd" class="App\Card\CardHandTest" classname="App.Card.CardHandTest" file="/home/andobambino/dbwebb-kurser/mvc/me/report/tests/Card/CardHandTest.php" line="60" assertions="2" time="0.000362"/>
        <testcase name="testCardHandUnicodeString" class="App\Card\CardHandTest" classname="App.Card.CardHandTest" file="/home/andobambino/dbwebb-kurser/mvc/me/report/tests/Card/CardHandTest.php" line="81" assertions="2" time="0.000372"/>
        <testcase name="testCardHandDraw" class="App\Card\CardHandTest" classname="App.Card.CardHandTest" file="/home/andobambino/dbwebb-kurser/mvc/me/report/tests/Card/CardHandTest.php" line="101" assertions="3" time="0.000448"/>
      </testsuite>
      <testsuite name="App\Card\CardTest" file="/home/andobambino/dbwebb-kurser/mvc/me/report/tests/Card/CardTest.php" tests="3" assertions="4" errors="0" warnings="0" failures="0" skipped="0" time="0.001049">
        <testcase name="testCreateCard" class="App\Card\CardTest" classname="App.Card.CardTest" file="/home/andobambino/dbwebb-kurser/mvc/me/report/tests/Card/CardTest.php" line="16" assertions="2" time="0.000343"/>
        <testcase name="testCardUnicode" class="App\Card\CardTest" classname="App.Card.CardTest" file="/home/andobambino/dbwebb-kurser/mvc/me/report/tests/Card/CardTest.php" line="28" assertions="1" time="0.000364"/>
        <testcase name="testCardColor" class="App\Card\CardTest" classname="App.Card.CardTest" file="/home/andobambino/dbwebb-kurser/mvc/me/report/tests/Card/CardTest.php" line="40" assertions="1" time="0.000342"/>
      </testsuite>
      <testsuite name="App\Dice\DiceGraphicTest" file="/home/andobambino/dbwebb-kurser/mvc/me/report/tests/Dice/DiceGraphicTest.php" tests="2" assertions="2" errors="0" warnings="0" failures="0" skipped="0" time="0.002490">
        <testcase name="testCreateDiceGraphic" class="App\Dice\DiceGraphicTest" classname="App.Dice.DiceGraphicTest" file="/home/andobambino/dbwebb-kurser/mvc/me/report/tests/Dice/DiceGraphicTest.php" line="16" assertions="1" time="0.001558"/>
        <testcase name="testDiceGraphicDicePoint" class="App\Dice\DiceGraphicTest" classname="App.Dice.DiceGraphicTest" file="/home/andobambino/dbwebb-kurser/mvc/me/report/tests/Dice/DiceGraphicTest.php" line="26" assertions="1" time="0.000932"/>
      </testsuite>
      <testsuite name="App\Dice\DiceHandTest" file="/home/andobambino/dbwebb-kurser/mvc/me/report/tests/Dice/DiceHandTest.php" tests="4" assertions="5" errors="0" warnings="0" failures="0" skipped="0" time="0.002378">
        <testcase name="testCreateDiceHand" class="App\Dice\DiceHandTest" classname="App.Dice.DiceHandTest" file="/home/andobambino/dbwebb-kurser/mvc/me/report/tests/Dice/DiceHandTest.php" line="16" assertions="2" time="0.001026"/>
        <testcase name="testDiceAdd" class="App\Dice\DiceHandTest" classname="App.Dice.DiceHandTest" file="/home/andobambino/dbwebb-kurser/mvc/me/report/tests/Dice/DiceHandTest.php" line="28" assertions="1" time="0.000471"/>
        <testcase name="testDiceGetInt" class="App\Dice\DiceHandTest" classname="App.Dice.DiceHandTest" file="/home/andobambino/dbwebb-kurser/mvc/me/report/tests/Dice/DiceHandTest.php" line="44" assertions="1" time="0.000357"/>
        <testcase name="testDiceGetString" class="App\Dice\DiceHandTest" classname="App.Dice.DiceHandTest" file="/home/andobambino/dbwebb-kurser/mvc/me/report/tests/Dice/DiceHandTest.php" line="62" assertions="1" time="0.000523"/>
      </testsuite>
      <testsuite name="App\Dice\DiceTest" file="/home/andobambino/dbwebb-kurser/mvc/me/report/tests/Dice/DiceTest.php" tests="3" assertions="4" errors="0" warnings="0" failures="0" skipped="0" time="0.001058">
        <testcase name="testCreateDice" class="App\Dice\DiceTest" classname="App.Dice.DiceTest" file="/home/andobambino/dbwebb-kurser/mvc/me/report/tests/Dice/DiceTest.php" line="16" assertions="2" time="0.000347"/>
        <testcase name="testDiceRoll" class="App\Dice\DiceTest" classname="App.Dice.DiceTest" file="/home/andobambino/dbwebb-kurser/mvc/me/report/tests/Dice/DiceTest.php" line="28" assertions="1" time="0.000388"/>
        <testcase name="testDiceGetAsString" class="App\Dice\DiceTest" classname="App.Dice.DiceTest" file="/home/andobambino/dbwebb-kurser/mvc/me/report/tests/Dice/DiceTest.php" line="44" assertions="1" time="0.000323"/>
      </testsuite>
      <testsuite name="App\Proj\GameHandlerTest" file="/home/andobambino/dbwebb-kurser/mvc/me/report/tests/Proj/GameHandlerTest.php" tests="7" assertions="14" errors="0" warnings="0" failures="0" skipped="0" time="0.006375">
        <testcase name="testGameHandlerActionWithoutItem" class="App\Proj\GameHandlerTest" classname="App.Proj.GameHandlerTest" file="/home/andobambino/dbwebb-kurser/mvc/me/report/tests/Proj/GameHandlerTest.php" line="15" assertions="2" time="0.002143"/>
        <testcase name="testGameHandlerActionWithItem" class="App\Proj\GameHandlerTest" classname="App.Proj.GameHandlerTest" file="/home/andobambino/dbwebb-kurser/mvc/me/report/tests/Proj/GameHandlerTest.php" line="32" assertions="2" time="0.000591"/>
        <testcase name="testGameHandlerActionNotExist" class="App\Proj\GameHandlerTest" classname="App.Proj.GameHandlerTest" file="/home/andobambino/dbwebb-kurser/mvc/me/report/tests/Proj/GameHandlerTest.php" line="49" assertions="2" time="0.000592"/>
        <testcase name="testGameHandlerNoActions" class="App\Proj\GameHandlerTest" classname="App.Proj.GameHandlerTest" file="/home/andobambino/dbwebb-kurser/mvc/me/report/tests/Proj/GameHandlerTest.php" line="66" assertions="2" time="0.001001"/>
        <testcase name="testGameHandlerDead" class="App\Proj\GameHandlerTest" classname="App.Proj.GameHandlerTest" file="/home/andobambino/dbwebb-kurser/mvc/me/report/tests/Proj/GameHandlerTest.php" line="83" assertions="2" time="0.000856"/>
        <testcase name="testGameHandlerMsgImage" class="App\Proj\GameHandlerTest" classname="App.Proj.GameHandlerTest" file="/home/andobambino/dbwebb-kurser/mvc/me/report/tests/Proj/GameHandlerTest.php" line="100" assertions="2" time="0.000577"/>
        <testcase name="testGameHandlerSingleMsg" class="App\Proj\GameHandlerTest" classname="App.Proj.GameHandlerTest" file="/home/andobambino/dbwebb-kurser/mvc/me/report/tests/Proj/GameHandlerTest.php" line="117" assertions="2" time="0.000614"/>
      </testsuite>
      <testsuite name="App\Proj\RoomHandlerTest" file="/home/andobambino/dbwebb-kurser/mvc/me/report/tests/Proj/RoomHandlerTest.php" tests="8" assertions="19" errors="0" warnings="0" failures="0" skipped="0" time="0.003923">
        <testcase name="testRoomHandlerRooms" class="App\Proj\RoomHandlerTest" classname="App.Proj.RoomHandlerTest" file="/home/andobambino/dbwebb-kurser/mvc/me/report/tests/Proj/RoomHandlerTest.php" line="15" assertions="1" time="0.000495"/>
        <testcase name="testRoomHandlerContainsRooms" class="App\Proj\RoomHandlerTest" classname="App.Proj.RoomHandlerTest" file="/home/andobambino/dbwebb-kurser/mvc/me/report/tests/Proj/RoomHandlerTest.php" line="26" assertions="7" time="0.000544"/>
        <testcase name="testRoomHandlerRoomName" class="App\Proj\RoomHandlerTest" classname="App.Proj.RoomHandlerTest" file="/home/andobambino/dbwebb-kurser/mvc/me/report/tests/Proj/RoomHandlerTest.php" line="39" assertions="2" time="0.000467"/>
        <testcase name="testRoomCreate" class="App\Proj\RoomHandlerTest" classname="App.Proj.RoomHandlerTest" file="/home/andobambino/dbwebb-kurser/mvc/me/report/tests/Proj/RoomHandlerTest.php" line="51" assertions="3" time="0.000877"/>
        <testcase name="testRoomActions" class="App\Proj\RoomHandlerTest" classname="App.Proj.RoomHandlerTest" file="/home/andobambino/dbwebb-kurser/mvc/me/report/tests/Proj/RoomHandlerTest.php" line="71" assertions="1" time="0.000329"/>
        <testcase name="testRoomGetAction" class="App\Proj\RoomHandlerTest" classname="App.Proj.RoomHandlerTest" file="/home/andobambino/dbwebb-kurser/mvc/me/report/tests/Proj/RoomHandlerTest.php" line="89" assertions="2" time="0.000341"/>
        <testcase name="testRoomGetActionTwo" class="App\Proj\RoomHandlerTest" classname="App.Proj.RoomHandlerTest" file="/home/andobambino/dbwebb-kurser/mvc/me/report/tests/Proj/RoomHandlerTest.php" line="109" assertions="2" time="0.000327"/>
        <testcase name="testRoomGetActionThree" class="App\Proj\RoomHandlerTest" classname="App.Proj.RoomHandlerTest" file="/home/andobambino/dbwebb-kurser/mvc/me/report/tests/Proj/RoomHandlerTest.php" line="130" assertions="1" time="0.000541"/>
      </testsuite>
    </testsuite>
  </testsuite>
</testsuites>
