<?xml version="1.0" encoding="UTF-8"?>
<testsuites>
  <testsuite name="" tests="37" assertions="63" errors="0" warnings="0" failures="0" skipped="0" time="0.023597">
    <testsuite name="Project Test Suite" tests="37" assertions="63" errors="0" warnings="0" failures="0" skipped="0" time="0.023597">
      <testsuite name="App\Card\CardGameTest" file="/home/andobambino/dbwebb-kurser/mvc/me/report/tests/Card/CardGameTest.php" tests="6" assertions="8" errors="0" warnings="0" failures="0" skipped="0" time="0.007552">
        <testcase name="testCreateCardGame" class="App\Card\CardGameTest" classname="App.Card.CardGameTest" file="/home/andobambino/dbwebb-kurser/mvc/me/report/tests/Card/CardGameTest.php" line="17" assertions="1" time="0.004628"/>
        <testcase name="testCardGameTemper" class="App\Card\CardGameTest" classname="App.Card.CardGameTest" file="/home/andobambino/dbwebb-kurser/mvc/me/report/tests/Card/CardGameTest.php" line="26" assertions="1" time="0.001736"/>
        <testcase name="testCardGameWinCheckerOne" class="App\Card\CardGameTest" classname="App.Card.CardGameTest" file="/home/andobambino/dbwebb-kurser/mvc/me/report/tests/Card/CardGameTest.php" line="42" assertions="1" time="0.000305"/>
        <testcase name="testCardGameWinCheckerTwo" class="App\Card\CardGameTest" classname="App.Card.CardGameTest" file="/home/andobambino/dbwebb-kurser/mvc/me/report/tests/Card/CardGameTest.php" line="67" assertions="1" time="0.000298"/>
        <testcase name="testCardGameWinCheckerThree" class="App\Card\CardGameTest" classname="App.Card.CardGameTest" file="/home/andobambino/dbwebb-kurser/mvc/me/report/tests/Card/CardGameTest.php" line="92" assertions="1" time="0.000281"/>
        <testcase name="testCardGameWinCheckerFour" class="App\Card\CardGameTest" classname="App.Card.CardGameTest" file="/home/andobambino/dbwebb-kurser/mvc/me/report/tests/Card/CardGameTest.php" line="116" assertions="3" time="0.000303"/>
      </testsuite>
      <testsuite name="App\Card\CardGraphicTest" file="/home/andobambino/dbwebb-kurser/mvc/me/report/tests/Card/CardGraphicTest.php" tests="4" assertions="8" errors="0" warnings="0" failures="0" skipped="0" time="0.000876">
        <testcase name="testCreateCardGraphic" class="App\Card\CardGraphicTest" classname="App.Card.CardGraphicTest" file="/home/andobambino/dbwebb-kurser/mvc/me/report/tests/Card/CardGraphicTest.php" line="16" assertions="1" time="0.000219"/>
        <testcase name="testCardGraphicCardPoint" class="App\Card\CardGraphicTest" classname="App.Card.CardGraphicTest" file="/home/andobambino/dbwebb-kurser/mvc/me/report/tests/Card/CardGraphicTest.php" line="26" assertions="1" time="0.000213"/>
        <testcase name="testCardGraphicTemper" class="App\Card\CardGraphicTest" classname="App.Card.CardGraphicTest" file="/home/andobambino/dbwebb-kurser/mvc/me/report/tests/Card/CardGraphicTest.php" line="40" assertions="1" time="0.000222"/>
        <testcase name="testCardGraphicColor" class="App\Card\CardGraphicTest" classname="App.Card.CardGraphicTest" file="/home/andobambino/dbwebb-kurser/mvc/me/report/tests/Card/CardGraphicTest.php" line="57" assertions="5" time="0.000222"/>
      </testsuite>
      <testsuite name="App\Card\CardHandTest" file="/home/andobambino/dbwebb-kurser/mvc/me/report/tests/Card/CardHandTest.php" tests="6" assertions="11" errors="0" warnings="0" failures="0" skipped="0" time="0.005756">
        <testcase name="testCreateCardHand" class="App\Card\CardHandTest" classname="App.Card.CardHandTest" file="/home/andobambino/dbwebb-kurser/mvc/me/report/tests/Card/CardHandTest.php" line="16" assertions="2" time="0.000600"/>
        <testcase name="testCardHandWholeDeck" class="App\Card\CardHandTest" classname="App.Card.CardHandTest" file="/home/andobambino/dbwebb-kurser/mvc/me/report/tests/Card/CardHandTest.php" line="28" assertions="1" time="0.000268"/>
        <testcase name="testCardHandShuffle" class="App\Card\CardHandTest" classname="App.Card.CardHandTest" file="/home/andobambino/dbwebb-kurser/mvc/me/report/tests/Card/CardHandTest.php" line="41" assertions="1" time="0.004066"/>
        <testcase name="testCardHandAdd" class="App\Card\CardHandTest" classname="App.Card.CardHandTest" file="/home/andobambino/dbwebb-kurser/mvc/me/report/tests/Card/CardHandTest.php" line="60" assertions="2" time="0.000273"/>
        <testcase name="testCardHandUnicodeString" class="App\Card\CardHandTest" classname="App.Card.CardHandTest" file="/home/andobambino/dbwebb-kurser/mvc/me/report/tests/Card/CardHandTest.php" line="81" assertions="2" time="0.000263"/>
        <testcase name="testCardHandDraw" class="App\Card\CardHandTest" classname="App.Card.CardHandTest" file="/home/andobambino/dbwebb-kurser/mvc/me/report/tests/Card/CardHandTest.php" line="101" assertions="3" time="0.000286"/>
      </testsuite>
      <testsuite name="App\Card\CardTest" file="/home/andobambino/dbwebb-kurser/mvc/me/report/tests/Card/CardTest.php" tests="3" assertions="4" errors="0" warnings="0" failures="0" skipped="0" time="0.000754">
        <testcase name="testCreateCard" class="App\Card\CardTest" classname="App.Card.CardTest" file="/home/andobambino/dbwebb-kurser/mvc/me/report/tests/Card/CardTest.php" line="16" assertions="2" time="0.000232"/>
        <testcase name="testCardUnicode" class="App\Card\CardTest" classname="App.Card.CardTest" file="/home/andobambino/dbwebb-kurser/mvc/me/report/tests/Card/CardTest.php" line="28" assertions="1" time="0.000263"/>
        <testcase name="testCardColor" class="App\Card\CardTest" classname="App.Card.CardTest" file="/home/andobambino/dbwebb-kurser/mvc/me/report/tests/Card/CardTest.php" line="40" assertions="1" time="0.000259"/>
      </testsuite>
      <testsuite name="App\Dice\DiceGraphicTest" file="/home/andobambino/dbwebb-kurser/mvc/me/report/tests/Dice/DiceGraphicTest.php" tests="2" assertions="2" errors="0" warnings="0" failures="0" skipped="0" time="0.001483">
        <testcase name="testCreateDiceGraphic" class="App\Dice\DiceGraphicTest" classname="App.Dice.DiceGraphicTest" file="/home/andobambino/dbwebb-kurser/mvc/me/report/tests/Dice/DiceGraphicTest.php" line="16" assertions="1" time="0.000895"/>
        <testcase name="testDiceGraphicDicePoint" class="App\Dice\DiceGraphicTest" classname="App.Dice.DiceGraphicTest" file="/home/andobambino/dbwebb-kurser/mvc/me/report/tests/Dice/DiceGraphicTest.php" line="26" assertions="1" time="0.000588"/>
      </testsuite>
      <testsuite name="App\Dice\DiceHandTest" file="/home/andobambino/dbwebb-kurser/mvc/me/report/tests/Dice/DiceHandTest.php" tests="4" assertions="5" errors="0" warnings="0" failures="0" skipped="0" time="0.002124">
        <testcase name="testCreateDiceHand" class="App\Dice\DiceHandTest" classname="App.Dice.DiceHandTest" file="/home/andobambino/dbwebb-kurser/mvc/me/report/tests/Dice/DiceHandTest.php" line="16" assertions="2" time="0.000940"/>
        <testcase name="testDiceAdd" class="App\Dice\DiceHandTest" classname="App.Dice.DiceHandTest" file="/home/andobambino/dbwebb-kurser/mvc/me/report/tests/Dice/DiceHandTest.php" line="28" assertions="1" time="0.000552"/>
        <testcase name="testDiceGetInt" class="App\Dice\DiceHandTest" classname="App.Dice.DiceHandTest" file="/home/andobambino/dbwebb-kurser/mvc/me/report/tests/Dice/DiceHandTest.php" line="44" assertions="1" time="0.000348"/>
        <testcase name="testDiceGetString" class="App\Dice\DiceHandTest" classname="App.Dice.DiceHandTest" file="/home/andobambino/dbwebb-kurser/mvc/me/report/tests/Dice/DiceHandTest.php" line="62" assertions="1" time="0.000283"/>
      </testsuite>
      <testsuite name="App\Dice\DiceTest" file="/home/andobambino/dbwebb-kurser/mvc/me/report/tests/Dice/DiceTest.php" tests="3" assertions="4" errors="0" warnings="0" failures="0" skipped="0" time="0.001038">
        <testcase name="testCreateDice" class="App\Dice\DiceTest" classname="App.Dice.DiceTest" file="/home/andobambino/dbwebb-kurser/mvc/me/report/tests/Dice/DiceTest.php" line="16" assertions="2" time="0.000254"/>
        <testcase name="testDiceRoll" class="App\Dice\DiceTest" classname="App.Dice.DiceTest" file="/home/andobambino/dbwebb-kurser/mvc/me/report/tests/Dice/DiceTest.php" line="28" assertions="1" time="0.000375"/>
        <testcase name="testDiceGetAsString" class="App\Dice\DiceTest" classname="App.Dice.DiceTest" file="/home/andobambino/dbwebb-kurser/mvc/me/report/tests/Dice/DiceTest.php" line="44" assertions="1" time="0.000409"/>
      </testsuite>
      <testsuite name="App\Proj\GameHandlerTest" file="/home/andobambino/dbwebb-kurser/mvc/me/report/tests/Proj/GameHandlerTest.php" tests="3" assertions="6" errors="0" warnings="0" failures="0" skipped="0" time="0.002088">
        <testcase name="testGameHandlerActionWithoutItem" class="App\Proj\GameHandlerTest" classname="App.Proj.GameHandlerTest" file="/home/andobambino/dbwebb-kurser/mvc/me/report/tests/Proj/GameHandlerTest.php" line="15" assertions="2" time="0.001376"/>
        <testcase name="testGameHandlerActionWithItem" class="App\Proj\GameHandlerTest" classname="App.Proj.GameHandlerTest" file="/home/andobambino/dbwebb-kurser/mvc/me/report/tests/Proj/GameHandlerTest.php" line="29" assertions="2" time="0.000375"/>
        <testcase name="testGameHandlerActionNotExist" class="App\Proj\GameHandlerTest" classname="App.Proj.GameHandlerTest" file="/home/andobambino/dbwebb-kurser/mvc/me/report/tests/Proj/GameHandlerTest.php" line="43" assertions="2" time="0.000336"/>
      </testsuite>
      <testsuite name="App\Proj\RoomHandlerTest" file="/home/andobambino/dbwebb-kurser/mvc/me/report/tests/Proj/RoomHandlerTest.php" tests="6" assertions="15" errors="0" warnings="0" failures="0" skipped="0" time="0.001925">
        <testcase name="testRoomHandlerRooms" class="App\Proj\RoomHandlerTest" classname="App.Proj.RoomHandlerTest" file="/home/andobambino/dbwebb-kurser/mvc/me/report/tests/Proj/RoomHandlerTest.php" line="15" assertions="1" time="0.000281"/>
        <testcase name="testRoomHandlerContainsRooms" class="App\Proj\RoomHandlerTest" classname="App.Proj.RoomHandlerTest" file="/home/andobambino/dbwebb-kurser/mvc/me/report/tests/Proj/RoomHandlerTest.php" line="26" assertions="6" time="0.000310"/>
        <testcase name="testRoomHandlerRoomName" class="App\Proj\RoomHandlerTest" classname="App.Proj.RoomHandlerTest" file="/home/andobambino/dbwebb-kurser/mvc/me/report/tests/Proj/RoomHandlerTest.php" line="39" assertions="2" time="0.000303"/>
        <testcase name="testRoomCreate" class="App\Proj\RoomHandlerTest" classname="App.Proj.RoomHandlerTest" file="/home/andobambino/dbwebb-kurser/mvc/me/report/tests/Proj/RoomHandlerTest.php" line="51" assertions="3" time="0.000571"/>
        <testcase name="testRoomActions" class="App\Proj\RoomHandlerTest" classname="App.Proj.RoomHandlerTest" file="/home/andobambino/dbwebb-kurser/mvc/me/report/tests/Proj/RoomHandlerTest.php" line="71" assertions="1" time="0.000238"/>
        <testcase name="testRoomGetAction" class="App\Proj\RoomHandlerTest" classname="App.Proj.RoomHandlerTest" file="/home/andobambino/dbwebb-kurser/mvc/me/report/tests/Proj/RoomHandlerTest.php" line="89" assertions="2" time="0.000221"/>
      </testsuite>
    </testsuite>
  </testsuite>
</testsuites>
