<?xml version="1.0" encoding="UTF-8"?>
<testsuites>
  <testsuite name="" tests="36" assertions="61" errors="0" warnings="0" failures="0" skipped="0" time="0.027686">
    <testsuite name="Project Test Suite" tests="36" assertions="61" errors="0" warnings="0" failures="0" skipped="0" time="0.027686">
      <testsuite name="App\Card\CardGameTest" file="/home/andobambino/dbwebb-kurser/mvc/me/report/tests/Card/CardGameTest.php" tests="6" assertions="8" errors="0" warnings="0" failures="0" skipped="0" time="0.010007">
        <testcase name="testCreateCardGame" class="App\Card\CardGameTest" classname="App.Card.CardGameTest" file="/home/andobambino/dbwebb-kurser/mvc/me/report/tests/Card/CardGameTest.php" line="17" assertions="1" time="0.005879"/>
        <testcase name="testCardGameTemper" class="App\Card\CardGameTest" classname="App.Card.CardGameTest" file="/home/andobambino/dbwebb-kurser/mvc/me/report/tests/Card/CardGameTest.php" line="26" assertions="1" time="0.002473"/>
        <testcase name="testCardGameWinCheckerOne" class="App\Card\CardGameTest" classname="App.Card.CardGameTest" file="/home/andobambino/dbwebb-kurser/mvc/me/report/tests/Card/CardGameTest.php" line="42" assertions="1" time="0.000376"/>
        <testcase name="testCardGameWinCheckerTwo" class="App\Card\CardGameTest" classname="App.Card.CardGameTest" file="/home/andobambino/dbwebb-kurser/mvc/me/report/tests/Card/CardGameTest.php" line="67" assertions="1" time="0.000358"/>
        <testcase name="testCardGameWinCheckerThree" class="App\Card\CardGameTest" classname="App.Card.CardGameTest" file="/home/andobambino/dbwebb-kurser/mvc/me/report/tests/Card/CardGameTest.php" line="92" assertions="1" time="0.000506"/>
        <testcase name="testCardGameWinCheckerFour" class="App\Card\CardGameTest" classname="App.Card.CardGameTest" file="/home/andobambino/dbwebb-kurser/mvc/me/report/tests/Card/CardGameTest.php" line="116" assertions="3" time="0.000415"/>
      </testsuite>
      <testsuite name="App\Card\CardGraphicTest" file="/home/andobambino/dbwebb-kurser/mvc/me/report/tests/Card/CardGraphicTest.php" tests="4" assertions="8" errors="0" warnings="0" failures="0" skipped="0" time="0.001135">
        <testcase name="testCreateCardGraphic" class="App\Card\CardGraphicTest" classname="App.Card.CardGraphicTest" file="/home/andobambino/dbwebb-kurser/mvc/me/report/tests/Card/CardGraphicTest.php" line="16" assertions="1" time="0.000265"/>
        <testcase name="testCardGraphicCardPoint" class="App\Card\CardGraphicTest" classname="App.Card.CardGraphicTest" file="/home/andobambino/dbwebb-kurser/mvc/me/report/tests/Card/CardGraphicTest.php" line="26" assertions="1" time="0.000302"/>
        <testcase name="testCardGraphicTemper" class="App\Card\CardGraphicTest" classname="App.Card.CardGraphicTest" file="/home/andobambino/dbwebb-kurser/mvc/me/report/tests/Card/CardGraphicTest.php" line="40" assertions="1" time="0.000278"/>
        <testcase name="testCardGraphicColor" class="App\Card\CardGraphicTest" classname="App.Card.CardGraphicTest" file="/home/andobambino/dbwebb-kurser/mvc/me/report/tests/Card/CardGraphicTest.php" line="57" assertions="5" time="0.000289"/>
      </testsuite>
      <testsuite name="App\Card\CardHandTest" file="/home/andobambino/dbwebb-kurser/mvc/me/report/tests/Card/CardHandTest.php" tests="6" assertions="11" errors="0" warnings="0" failures="0" skipped="0" time="0.007141">
        <testcase name="testCreateCardHand" class="App\Card\CardHandTest" classname="App.Card.CardHandTest" file="/home/andobambino/dbwebb-kurser/mvc/me/report/tests/Card/CardHandTest.php" line="16" assertions="2" time="0.000800"/>
        <testcase name="testCardHandWholeDeck" class="App\Card\CardHandTest" classname="App.Card.CardHandTest" file="/home/andobambino/dbwebb-kurser/mvc/me/report/tests/Card/CardHandTest.php" line="28" assertions="1" time="0.000365"/>
        <testcase name="testCardHandShuffle" class="App\Card\CardHandTest" classname="App.Card.CardHandTest" file="/home/andobambino/dbwebb-kurser/mvc/me/report/tests/Card/CardHandTest.php" line="41" assertions="1" time="0.004846"/>
        <testcase name="testCardHandAdd" class="App\Card\CardHandTest" classname="App.Card.CardHandTest" file="/home/andobambino/dbwebb-kurser/mvc/me/report/tests/Card/CardHandTest.php" line="60" assertions="2" time="0.000315"/>
        <testcase name="testCardHandUnicodeString" class="App\Card\CardHandTest" classname="App.Card.CardHandTest" file="/home/andobambino/dbwebb-kurser/mvc/me/report/tests/Card/CardHandTest.php" line="81" assertions="2" time="0.000375"/>
        <testcase name="testCardHandDraw" class="App\Card\CardHandTest" classname="App.Card.CardHandTest" file="/home/andobambino/dbwebb-kurser/mvc/me/report/tests/Card/CardHandTest.php" line="101" assertions="3" time="0.000440"/>
      </testsuite>
      <testsuite name="App\Card\CardTest" file="/home/andobambino/dbwebb-kurser/mvc/me/report/tests/Card/CardTest.php" tests="3" assertions="4" errors="0" warnings="0" failures="0" skipped="0" time="0.001063">
        <testcase name="testCreateCard" class="App\Card\CardTest" classname="App.Card.CardTest" file="/home/andobambino/dbwebb-kurser/mvc/me/report/tests/Card/CardTest.php" line="16" assertions="2" time="0.000282"/>
        <testcase name="testCardUnicode" class="App\Card\CardTest" classname="App.Card.CardTest" file="/home/andobambino/dbwebb-kurser/mvc/me/report/tests/Card/CardTest.php" line="28" assertions="1" time="0.000403"/>
        <testcase name="testCardColor" class="App\Card\CardTest" classname="App.Card.CardTest" file="/home/andobambino/dbwebb-kurser/mvc/me/report/tests/Card/CardTest.php" line="40" assertions="1" time="0.000379"/>
      </testsuite>
      <testsuite name="App\Dice\DiceGraphicTest" file="/home/andobambino/dbwebb-kurser/mvc/me/report/tests/Dice/DiceGraphicTest.php" tests="2" assertions="2" errors="0" warnings="0" failures="0" skipped="0" time="0.001394">
        <testcase name="testCreateDiceGraphic" class="App\Dice\DiceGraphicTest" classname="App.Dice.DiceGraphicTest" file="/home/andobambino/dbwebb-kurser/mvc/me/report/tests/Dice/DiceGraphicTest.php" line="16" assertions="1" time="0.000705"/>
        <testcase name="testDiceGraphicDicePoint" class="App\Dice\DiceGraphicTest" classname="App.Dice.DiceGraphicTest" file="/home/andobambino/dbwebb-kurser/mvc/me/report/tests/Dice/DiceGraphicTest.php" line="26" assertions="1" time="0.000689"/>
      </testsuite>
      <testsuite name="App\Dice\DiceHandTest" file="/home/andobambino/dbwebb-kurser/mvc/me/report/tests/Dice/DiceHandTest.php" tests="4" assertions="5" errors="0" warnings="0" failures="0" skipped="0" time="0.001635">
        <testcase name="testCreateDiceHand" class="App\Dice\DiceHandTest" classname="App.Dice.DiceHandTest" file="/home/andobambino/dbwebb-kurser/mvc/me/report/tests/Dice/DiceHandTest.php" line="16" assertions="2" time="0.000674"/>
        <testcase name="testDiceAdd" class="App\Dice\DiceHandTest" classname="App.Dice.DiceHandTest" file="/home/andobambino/dbwebb-kurser/mvc/me/report/tests/Dice/DiceHandTest.php" line="28" assertions="1" time="0.000355"/>
        <testcase name="testDiceGetInt" class="App\Dice\DiceHandTest" classname="App.Dice.DiceHandTest" file="/home/andobambino/dbwebb-kurser/mvc/me/report/tests/Dice/DiceHandTest.php" line="44" assertions="1" time="0.000307"/>
        <testcase name="testDiceGetString" class="App\Dice\DiceHandTest" classname="App.Dice.DiceHandTest" file="/home/andobambino/dbwebb-kurser/mvc/me/report/tests/Dice/DiceHandTest.php" line="62" assertions="1" time="0.000299"/>
      </testsuite>
      <testsuite name="App\Dice\DiceTest" file="/home/andobambino/dbwebb-kurser/mvc/me/report/tests/Dice/DiceTest.php" tests="3" assertions="4" errors="0" warnings="0" failures="0" skipped="0" time="0.001096">
        <testcase name="testCreateDice" class="App\Dice\DiceTest" classname="App.Dice.DiceTest" file="/home/andobambino/dbwebb-kurser/mvc/me/report/tests/Dice/DiceTest.php" line="16" assertions="2" time="0.000283"/>
        <testcase name="testDiceRoll" class="App\Dice\DiceTest" classname="App.Dice.DiceTest" file="/home/andobambino/dbwebb-kurser/mvc/me/report/tests/Dice/DiceTest.php" line="28" assertions="1" time="0.000327"/>
        <testcase name="testDiceGetAsString" class="App\Dice\DiceTest" classname="App.Dice.DiceTest" file="/home/andobambino/dbwebb-kurser/mvc/me/report/tests/Dice/DiceTest.php" line="44" assertions="1" time="0.000486"/>
      </testsuite>
      <testsuite name="App\Proj\GameHandlerTest" file="/home/andobambino/dbwebb-kurser/mvc/me/report/tests/Proj/GameHandlerTest.php" tests="2" assertions="4" errors="0" warnings="0" failures="0" skipped="0" time="0.001989">
        <testcase name="testGameHandlerActionWithoutItem" class="App\Proj\GameHandlerTest" classname="App.Proj.GameHandlerTest" file="/home/andobambino/dbwebb-kurser/mvc/me/report/tests/Proj/GameHandlerTest.php" line="15" assertions="2" time="0.001560"/>
        <testcase name="testGameHandlerActionWithItem" class="App\Proj\GameHandlerTest" classname="App.Proj.GameHandlerTest" file="/home/andobambino/dbwebb-kurser/mvc/me/report/tests/Proj/GameHandlerTest.php" line="29" assertions="2" time="0.000429"/>
      </testsuite>
      <testsuite name="App\Proj\RoomHandlerTest" file="/home/andobambino/dbwebb-kurser/mvc/me/report/tests/Proj/RoomHandlerTest.php" tests="6" assertions="15" errors="0" warnings="0" failures="0" skipped="0" time="0.002227">
        <testcase name="testRoomHandlerRooms" class="App\Proj\RoomHandlerTest" classname="App.Proj.RoomHandlerTest" file="/home/andobambino/dbwebb-kurser/mvc/me/report/tests/Proj/RoomHandlerTest.php" line="15" assertions="1" time="0.000347"/>
        <testcase name="testRoomHandlerContainsRooms" class="App\Proj\RoomHandlerTest" classname="App.Proj.RoomHandlerTest" file="/home/andobambino/dbwebb-kurser/mvc/me/report/tests/Proj/RoomHandlerTest.php" line="26" assertions="6" time="0.000382"/>
        <testcase name="testRoomHandlerRoomName" class="App\Proj\RoomHandlerTest" classname="App.Proj.RoomHandlerTest" file="/home/andobambino/dbwebb-kurser/mvc/me/report/tests/Proj/RoomHandlerTest.php" line="39" assertions="2" time="0.000357"/>
        <testcase name="testRoomCreate" class="App\Proj\RoomHandlerTest" classname="App.Proj.RoomHandlerTest" file="/home/andobambino/dbwebb-kurser/mvc/me/report/tests/Proj/RoomHandlerTest.php" line="51" assertions="3" time="0.000608"/>
        <testcase name="testRoomActions" class="App\Proj\RoomHandlerTest" classname="App.Proj.RoomHandlerTest" file="/home/andobambino/dbwebb-kurser/mvc/me/report/tests/Proj/RoomHandlerTest.php" line="71" assertions="1" time="0.000260"/>
        <testcase name="testRoomGetAction" class="App\Proj\RoomHandlerTest" classname="App.Proj.RoomHandlerTest" file="/home/andobambino/dbwebb-kurser/mvc/me/report/tests/Proj/RoomHandlerTest.php" line="89" assertions="2" time="0.000273"/>
      </testsuite>
    </testsuite>
  </testsuite>
</testsuites>
