<?xml version="1.0" encoding="UTF-8"?>
<testsuites>
  <testsuite name="" tests="43" assertions="75" errors="0" warnings="0" failures="0" skipped="0" time="0.032454">
    <testsuite name="Project Test Suite" tests="43" assertions="75" errors="0" warnings="0" failures="0" skipped="0" time="0.032454">
      <testsuite name="App\Card\CardGameTest" file="/home/andobambino/dbwebb-kurser/mvc/me/report/tests/Card/CardGameTest.php" tests="6" assertions="8" errors="0" warnings="0" failures="0" skipped="0" time="0.010997">
        <testcase name="testCreateCardGame" class="App\Card\CardGameTest" classname="App.Card.CardGameTest" file="/home/andobambino/dbwebb-kurser/mvc/me/report/tests/Card/CardGameTest.php" line="17" assertions="1" time="0.005979"/>
        <testcase name="testCardGameTemper" class="App\Card\CardGameTest" classname="App.Card.CardGameTest" file="/home/andobambino/dbwebb-kurser/mvc/me/report/tests/Card/CardGameTest.php" line="26" assertions="1" time="0.003772"/>
        <testcase name="testCardGameWinCheckerOne" class="App\Card\CardGameTest" classname="App.Card.CardGameTest" file="/home/andobambino/dbwebb-kurser/mvc/me/report/tests/Card/CardGameTest.php" line="42" assertions="1" time="0.000353"/>
        <testcase name="testCardGameWinCheckerTwo" class="App\Card\CardGameTest" classname="App.Card.CardGameTest" file="/home/andobambino/dbwebb-kurser/mvc/me/report/tests/Card/CardGameTest.php" line="67" assertions="1" time="0.000277"/>
        <testcase name="testCardGameWinCheckerThree" class="App\Card\CardGameTest" classname="App.Card.CardGameTest" file="/home/andobambino/dbwebb-kurser/mvc/me/report/tests/Card/CardGameTest.php" line="92" assertions="1" time="0.000290"/>
        <testcase name="testCardGameWinCheckerFour" class="App\Card\CardGameTest" classname="App.Card.CardGameTest" file="/home/andobambino/dbwebb-kurser/mvc/me/report/tests/Card/CardGameTest.php" line="116" assertions="3" time="0.000326"/>
      </testsuite>
      <testsuite name="App\Card\CardGraphicTest" file="/home/andobambino/dbwebb-kurser/mvc/me/report/tests/Card/CardGraphicTest.php" tests="4" assertions="8" errors="0" warnings="0" failures="0" skipped="0" time="0.000961">
        <testcase name="testCreateCardGraphic" class="App\Card\CardGraphicTest" classname="App.Card.CardGraphicTest" file="/home/andobambino/dbwebb-kurser/mvc/me/report/tests/Card/CardGraphicTest.php" line="16" assertions="1" time="0.000220"/>
        <testcase name="testCardGraphicCardPoint" class="App\Card\CardGraphicTest" classname="App.Card.CardGraphicTest" file="/home/andobambino/dbwebb-kurser/mvc/me/report/tests/Card/CardGraphicTest.php" line="26" assertions="1" time="0.000259"/>
        <testcase name="testCardGraphicTemper" class="App\Card\CardGraphicTest" classname="App.Card.CardGraphicTest" file="/home/andobambino/dbwebb-kurser/mvc/me/report/tests/Card/CardGraphicTest.php" line="40" assertions="1" time="0.000227"/>
        <testcase name="testCardGraphicColor" class="App\Card\CardGraphicTest" classname="App.Card.CardGraphicTest" file="/home/andobambino/dbwebb-kurser/mvc/me/report/tests/Card/CardGraphicTest.php" line="57" assertions="5" time="0.000255"/>
      </testsuite>
      <testsuite name="App\Card\CardHandTest" file="/home/andobambino/dbwebb-kurser/mvc/me/report/tests/Card/CardHandTest.php" tests="6" assertions="11" errors="0" warnings="0" failures="0" skipped="0" time="0.006393">
        <testcase name="testCreateCardHand" class="App\Card\CardHandTest" classname="App.Card.CardHandTest" file="/home/andobambino/dbwebb-kurser/mvc/me/report/tests/Card/CardHandTest.php" line="16" assertions="2" time="0.000596"/>
        <testcase name="testCardHandWholeDeck" class="App\Card\CardHandTest" classname="App.Card.CardHandTest" file="/home/andobambino/dbwebb-kurser/mvc/me/report/tests/Card/CardHandTest.php" line="28" assertions="1" time="0.000272"/>
        <testcase name="testCardHandShuffle" class="App\Card\CardHandTest" classname="App.Card.CardHandTest" file="/home/andobambino/dbwebb-kurser/mvc/me/report/tests/Card/CardHandTest.php" line="41" assertions="1" time="0.004668"/>
        <testcase name="testCardHandAdd" class="App\Card\CardHandTest" classname="App.Card.CardHandTest" file="/home/andobambino/dbwebb-kurser/mvc/me/report/tests/Card/CardHandTest.php" line="60" assertions="2" time="0.000282"/>
        <testcase name="testCardHandUnicodeString" class="App\Card\CardHandTest" classname="App.Card.CardHandTest" file="/home/andobambino/dbwebb-kurser/mvc/me/report/tests/Card/CardHandTest.php" line="81" assertions="2" time="0.000281"/>
        <testcase name="testCardHandDraw" class="App\Card\CardHandTest" classname="App.Card.CardHandTest" file="/home/andobambino/dbwebb-kurser/mvc/me/report/tests/Card/CardHandTest.php" line="101" assertions="3" time="0.000294"/>
      </testsuite>
      <testsuite name="App\Card\CardTest" file="/home/andobambino/dbwebb-kurser/mvc/me/report/tests/Card/CardTest.php" tests="3" assertions="4" errors="0" warnings="0" failures="0" skipped="0" time="0.000746">
        <testcase name="testCreateCard" class="App\Card\CardTest" classname="App.Card.CardTest" file="/home/andobambino/dbwebb-kurser/mvc/me/report/tests/Card/CardTest.php" line="16" assertions="2" time="0.000258"/>
        <testcase name="testCardUnicode" class="App\Card\CardTest" classname="App.Card.CardTest" file="/home/andobambino/dbwebb-kurser/mvc/me/report/tests/Card/CardTest.php" line="28" assertions="1" time="0.000267"/>
        <testcase name="testCardColor" class="App\Card\CardTest" classname="App.Card.CardTest" file="/home/andobambino/dbwebb-kurser/mvc/me/report/tests/Card/CardTest.php" line="40" assertions="1" time="0.000221"/>
      </testsuite>
      <testsuite name="App\Dice\DiceGraphicTest" file="/home/andobambino/dbwebb-kurser/mvc/me/report/tests/Dice/DiceGraphicTest.php" tests="2" assertions="2" errors="0" warnings="0" failures="0" skipped="0" time="0.002886">
        <testcase name="testCreateDiceGraphic" class="App\Dice\DiceGraphicTest" classname="App.Dice.DiceGraphicTest" file="/home/andobambino/dbwebb-kurser/mvc/me/report/tests/Dice/DiceGraphicTest.php" line="16" assertions="1" time="0.002278"/>
        <testcase name="testDiceGraphicDicePoint" class="App\Dice\DiceGraphicTest" classname="App.Dice.DiceGraphicTest" file="/home/andobambino/dbwebb-kurser/mvc/me/report/tests/Dice/DiceGraphicTest.php" line="26" assertions="1" time="0.000608"/>
      </testsuite>
      <testsuite name="App\Dice\DiceHandTest" file="/home/andobambino/dbwebb-kurser/mvc/me/report/tests/Dice/DiceHandTest.php" tests="4" assertions="5" errors="0" warnings="0" failures="0" skipped="0" time="0.001959">
        <testcase name="testCreateDiceHand" class="App\Dice\DiceHandTest" classname="App.Dice.DiceHandTest" file="/home/andobambino/dbwebb-kurser/mvc/me/report/tests/Dice/DiceHandTest.php" line="16" assertions="2" time="0.000951"/>
        <testcase name="testDiceAdd" class="App\Dice\DiceHandTest" classname="App.Dice.DiceHandTest" file="/home/andobambino/dbwebb-kurser/mvc/me/report/tests/Dice/DiceHandTest.php" line="28" assertions="1" time="0.000456"/>
        <testcase name="testDiceGetInt" class="App\Dice\DiceHandTest" classname="App.Dice.DiceHandTest" file="/home/andobambino/dbwebb-kurser/mvc/me/report/tests/Dice/DiceHandTest.php" line="44" assertions="1" time="0.000263"/>
        <testcase name="testDiceGetString" class="App\Dice\DiceHandTest" classname="App.Dice.DiceHandTest" file="/home/andobambino/dbwebb-kurser/mvc/me/report/tests/Dice/DiceHandTest.php" line="62" assertions="1" time="0.000289"/>
      </testsuite>
      <testsuite name="App\Dice\DiceTest" file="/home/andobambino/dbwebb-kurser/mvc/me/report/tests/Dice/DiceTest.php" tests="3" assertions="4" errors="0" warnings="0" failures="0" skipped="0" time="0.000765">
        <testcase name="testCreateDice" class="App\Dice\DiceTest" classname="App.Dice.DiceTest" file="/home/andobambino/dbwebb-kurser/mvc/me/report/tests/Dice/DiceTest.php" line="16" assertions="2" time="0.000229"/>
        <testcase name="testDiceRoll" class="App\Dice\DiceTest" classname="App.Dice.DiceTest" file="/home/andobambino/dbwebb-kurser/mvc/me/report/tests/Dice/DiceTest.php" line="28" assertions="1" time="0.000274"/>
        <testcase name="testDiceGetAsString" class="App\Dice\DiceTest" classname="App.Dice.DiceTest" file="/home/andobambino/dbwebb-kurser/mvc/me/report/tests/Dice/DiceTest.php" line="44" assertions="1" time="0.000261"/>
      </testsuite>
      <testsuite name="App\Proj\GameHandlerTest" file="/home/andobambino/dbwebb-kurser/mvc/me/report/tests/Proj/GameHandlerTest.php" tests="7" assertions="14" errors="0" warnings="0" failures="0" skipped="0" time="0.005058">
        <testcase name="testGameHandlerActionWithoutItem" class="App\Proj\GameHandlerTest" classname="App.Proj.GameHandlerTest" file="/home/andobambino/dbwebb-kurser/mvc/me/report/tests/Proj/GameHandlerTest.php" line="15" assertions="2" time="0.003000"/>
        <testcase name="testGameHandlerActionWithItem" class="App\Proj\GameHandlerTest" classname="App.Proj.GameHandlerTest" file="/home/andobambino/dbwebb-kurser/mvc/me/report/tests/Proj/GameHandlerTest.php" line="32" assertions="2" time="0.000430"/>
        <testcase name="testGameHandlerActionNotExist" class="App\Proj\GameHandlerTest" classname="App.Proj.GameHandlerTest" file="/home/andobambino/dbwebb-kurser/mvc/me/report/tests/Proj/GameHandlerTest.php" line="49" assertions="2" time="0.000327"/>
        <testcase name="testGameHandlerNoActions" class="App\Proj\GameHandlerTest" classname="App.Proj.GameHandlerTest" file="/home/andobambino/dbwebb-kurser/mvc/me/report/tests/Proj/GameHandlerTest.php" line="66" assertions="2" time="0.000319"/>
        <testcase name="testGameHandlerDead" class="App\Proj\GameHandlerTest" classname="App.Proj.GameHandlerTest" file="/home/andobambino/dbwebb-kurser/mvc/me/report/tests/Proj/GameHandlerTest.php" line="83" assertions="2" time="0.000339"/>
        <testcase name="testGameHandlerMsgImage" class="App\Proj\GameHandlerTest" classname="App.Proj.GameHandlerTest" file="/home/andobambino/dbwebb-kurser/mvc/me/report/tests/Proj/GameHandlerTest.php" line="100" assertions="2" time="0.000322"/>
        <testcase name="testGameHandlerSingleMsg" class="App\Proj\GameHandlerTest" classname="App.Proj.GameHandlerTest" file="/home/andobambino/dbwebb-kurser/mvc/me/report/tests/Proj/GameHandlerTest.php" line="117" assertions="2" time="0.000321"/>
      </testsuite>
      <testsuite name="App\Proj\RoomHandlerTest" file="/home/andobambino/dbwebb-kurser/mvc/me/report/tests/Proj/RoomHandlerTest.php" tests="8" assertions="19" errors="0" warnings="0" failures="0" skipped="0" time="0.002688">
        <testcase name="testRoomHandlerRooms" class="App\Proj\RoomHandlerTest" classname="App.Proj.RoomHandlerTest" file="/home/andobambino/dbwebb-kurser/mvc/me/report/tests/Proj/RoomHandlerTest.php" line="15" assertions="1" time="0.000296"/>
        <testcase name="testRoomHandlerContainsRooms" class="App\Proj\RoomHandlerTest" classname="App.Proj.RoomHandlerTest" file="/home/andobambino/dbwebb-kurser/mvc/me/report/tests/Proj/RoomHandlerTest.php" line="26" assertions="7" time="0.000317"/>
        <testcase name="testRoomHandlerRoomName" class="App\Proj\RoomHandlerTest" classname="App.Proj.RoomHandlerTest" file="/home/andobambino/dbwebb-kurser/mvc/me/report/tests/Proj/RoomHandlerTest.php" line="39" assertions="2" time="0.000303"/>
        <testcase name="testRoomCreate" class="App\Proj\RoomHandlerTest" classname="App.Proj.RoomHandlerTest" file="/home/andobambino/dbwebb-kurser/mvc/me/report/tests/Proj/RoomHandlerTest.php" line="51" assertions="3" time="0.000618"/>
        <testcase name="testRoomActions" class="App\Proj\RoomHandlerTest" classname="App.Proj.RoomHandlerTest" file="/home/andobambino/dbwebb-kurser/mvc/me/report/tests/Proj/RoomHandlerTest.php" line="71" assertions="1" time="0.000221"/>
        <testcase name="testRoomGetAction" class="App\Proj\RoomHandlerTest" classname="App.Proj.RoomHandlerTest" file="/home/andobambino/dbwebb-kurser/mvc/me/report/tests/Proj/RoomHandlerTest.php" line="89" assertions="2" time="0.000239"/>
        <testcase name="testRoomGetActionTwo" class="App\Proj\RoomHandlerTest" classname="App.Proj.RoomHandlerTest" file="/home/andobambino/dbwebb-kurser/mvc/me/report/tests/Proj/RoomHandlerTest.php" line="109" assertions="2" time="0.000342"/>
        <testcase name="testRoomGetActionThree" class="App\Proj\RoomHandlerTest" classname="App.Proj.RoomHandlerTest" file="/home/andobambino/dbwebb-kurser/mvc/me/report/tests/Proj/RoomHandlerTest.php" line="130" assertions="1" time="0.000352"/>
      </testsuite>
    </testsuite>
  </testsuite>
</testsuites>
