<?xml version="1.0" encoding="UTF-8"?>
<testsuites>
  <testsuite name="" tests="28" assertions="42" errors="0" warnings="0" failures="0" skipped="0" time="0.032084">
    <testsuite name="Project Test Suite" tests="28" assertions="42" errors="0" warnings="0" failures="0" skipped="0" time="0.032084">
      <testsuite name="App\Card\CardGameTest" file="/home/andobambino/dbwebb-kurser/mvc/me/report/tests/Card/CardGameTest.php" tests="6" assertions="8" errors="0" warnings="0" failures="0" skipped="0" time="0.012649">
        <testcase name="testCreateCardGame" class="App\Card\CardGameTest" classname="App.Card.CardGameTest" file="/home/andobambino/dbwebb-kurser/mvc/me/report/tests/Card/CardGameTest.php" line="17" assertions="1" time="0.007381"/>
        <testcase name="testCardGameTemper" class="App\Card\CardGameTest" classname="App.Card.CardGameTest" file="/home/andobambino/dbwebb-kurser/mvc/me/report/tests/Card/CardGameTest.php" line="26" assertions="1" time="0.002761"/>
        <testcase name="testCardGameWinCheckerOne" class="App\Card\CardGameTest" classname="App.Card.CardGameTest" file="/home/andobambino/dbwebb-kurser/mvc/me/report/tests/Card/CardGameTest.php" line="42" assertions="1" time="0.000664"/>
        <testcase name="testCardGameWinCheckerTwo" class="App\Card\CardGameTest" classname="App.Card.CardGameTest" file="/home/andobambino/dbwebb-kurser/mvc/me/report/tests/Card/CardGameTest.php" line="67" assertions="1" time="0.000643"/>
        <testcase name="testCardGameWinCheckerThree" class="App\Card\CardGameTest" classname="App.Card.CardGameTest" file="/home/andobambino/dbwebb-kurser/mvc/me/report/tests/Card/CardGameTest.php" line="92" assertions="1" time="0.000557"/>
        <testcase name="testCardGameWinCheckerFour" class="App\Card\CardGameTest" classname="App.Card.CardGameTest" file="/home/andobambino/dbwebb-kurser/mvc/me/report/tests/Card/CardGameTest.php" line="116" assertions="3" time="0.000644"/>
      </testsuite>
      <testsuite name="App\Card\CardGraphicTest" file="/home/andobambino/dbwebb-kurser/mvc/me/report/tests/Card/CardGraphicTest.php" tests="4" assertions="8" errors="0" warnings="0" failures="0" skipped="0" time="0.001616">
        <testcase name="testCreateCardGraphic" class="App\Card\CardGraphicTest" classname="App.Card.CardGraphicTest" file="/home/andobambino/dbwebb-kurser/mvc/me/report/tests/Card/CardGraphicTest.php" line="16" assertions="1" time="0.000398"/>
        <testcase name="testCardGraphicCardPoint" class="App\Card\CardGraphicTest" classname="App.Card.CardGraphicTest" file="/home/andobambino/dbwebb-kurser/mvc/me/report/tests/Card/CardGraphicTest.php" line="26" assertions="1" time="0.000391"/>
        <testcase name="testCardGraphicTemper" class="App\Card\CardGraphicTest" classname="App.Card.CardGraphicTest" file="/home/andobambino/dbwebb-kurser/mvc/me/report/tests/Card/CardGraphicTest.php" line="40" assertions="1" time="0.000404"/>
        <testcase name="testCardGraphicColor" class="App\Card\CardGraphicTest" classname="App.Card.CardGraphicTest" file="/home/andobambino/dbwebb-kurser/mvc/me/report/tests/Card/CardGraphicTest.php" line="57" assertions="5" time="0.000423"/>
      </testsuite>
      <testsuite name="App\Card\CardHandTest" file="/home/andobambino/dbwebb-kurser/mvc/me/report/tests/Card/CardHandTest.php" tests="6" assertions="11" errors="0" warnings="0" failures="0" skipped="0" time="0.010219">
        <testcase name="testCreateCardHand" class="App\Card\CardHandTest" classname="App.Card.CardHandTest" file="/home/andobambino/dbwebb-kurser/mvc/me/report/tests/Card/CardHandTest.php" line="16" assertions="2" time="0.001086"/>
        <testcase name="testCardHandWholeDeck" class="App\Card\CardHandTest" classname="App.Card.CardHandTest" file="/home/andobambino/dbwebb-kurser/mvc/me/report/tests/Card/CardHandTest.php" line="28" assertions="1" time="0.000508"/>
        <testcase name="testCardHandShuffle" class="App\Card\CardHandTest" classname="App.Card.CardHandTest" file="/home/andobambino/dbwebb-kurser/mvc/me/report/tests/Card/CardHandTest.php" line="41" assertions="1" time="0.007323"/>
        <testcase name="testCardHandAdd" class="App\Card\CardHandTest" classname="App.Card.CardHandTest" file="/home/andobambino/dbwebb-kurser/mvc/me/report/tests/Card/CardHandTest.php" line="60" assertions="2" time="0.000419"/>
        <testcase name="testCardHandUnicodeString" class="App\Card\CardHandTest" classname="App.Card.CardHandTest" file="/home/andobambino/dbwebb-kurser/mvc/me/report/tests/Card/CardHandTest.php" line="81" assertions="2" time="0.000404"/>
        <testcase name="testCardHandDraw" class="App\Card\CardHandTest" classname="App.Card.CardHandTest" file="/home/andobambino/dbwebb-kurser/mvc/me/report/tests/Card/CardHandTest.php" line="101" assertions="3" time="0.000479"/>
      </testsuite>
      <testsuite name="App\Card\CardTest" file="/home/andobambino/dbwebb-kurser/mvc/me/report/tests/Card/CardTest.php" tests="3" assertions="4" errors="0" warnings="0" failures="0" skipped="0" time="0.001280">
        <testcase name="testCreateCard" class="App\Card\CardTest" classname="App.Card.CardTest" file="/home/andobambino/dbwebb-kurser/mvc/me/report/tests/Card/CardTest.php" line="16" assertions="2" time="0.000403"/>
        <testcase name="testCardUnicode" class="App\Card\CardTest" classname="App.Card.CardTest" file="/home/andobambino/dbwebb-kurser/mvc/me/report/tests/Card/CardTest.php" line="28" assertions="1" time="0.000485"/>
        <testcase name="testCardColor" class="App\Card\CardTest" classname="App.Card.CardTest" file="/home/andobambino/dbwebb-kurser/mvc/me/report/tests/Card/CardTest.php" line="40" assertions="1" time="0.000392"/>
      </testsuite>
      <testsuite name="App\Dice\DiceGraphicTest" file="/home/andobambino/dbwebb-kurser/mvc/me/report/tests/Dice/DiceGraphicTest.php" tests="2" assertions="2" errors="0" warnings="0" failures="0" skipped="0" time="0.001993">
        <testcase name="testCreateDiceGraphic" class="App\Dice\DiceGraphicTest" classname="App.Dice.DiceGraphicTest" file="/home/andobambino/dbwebb-kurser/mvc/me/report/tests/Dice/DiceGraphicTest.php" line="16" assertions="1" time="0.001108"/>
        <testcase name="testDiceGraphicDicePoint" class="App\Dice\DiceGraphicTest" classname="App.Dice.DiceGraphicTest" file="/home/andobambino/dbwebb-kurser/mvc/me/report/tests/Dice/DiceGraphicTest.php" line="26" assertions="1" time="0.000885"/>
      </testsuite>
      <testsuite name="App\Dice\DiceHandTest" file="/home/andobambino/dbwebb-kurser/mvc/me/report/tests/Dice/DiceHandTest.php" tests="4" assertions="5" errors="0" warnings="0" failures="0" skipped="0" time="0.002935">
        <testcase name="testCreateDiceHand" class="App\Dice\DiceHandTest" classname="App.Dice.DiceHandTest" file="/home/andobambino/dbwebb-kurser/mvc/me/report/tests/Dice/DiceHandTest.php" line="16" assertions="2" time="0.000931"/>
        <testcase name="testDiceAdd" class="App\Dice\DiceHandTest" classname="App.Dice.DiceHandTest" file="/home/andobambino/dbwebb-kurser/mvc/me/report/tests/Dice/DiceHandTest.php" line="28" assertions="1" time="0.000787"/>
        <testcase name="testDiceGetInt" class="App\Dice\DiceHandTest" classname="App.Dice.DiceHandTest" file="/home/andobambino/dbwebb-kurser/mvc/me/report/tests/Dice/DiceHandTest.php" line="44" assertions="1" time="0.000711"/>
        <testcase name="testDiceGetString" class="App\Dice\DiceHandTest" classname="App.Dice.DiceHandTest" file="/home/andobambino/dbwebb-kurser/mvc/me/report/tests/Dice/DiceHandTest.php" line="62" assertions="1" time="0.000506"/>
      </testsuite>
      <testsuite name="App\Dice\DiceTest" file="/home/andobambino/dbwebb-kurser/mvc/me/report/tests/Dice/DiceTest.php" tests="3" assertions="4" errors="0" warnings="0" failures="0" skipped="0" time="0.001393">
        <testcase name="testCreateDice" class="App\Dice\DiceTest" classname="App.Dice.DiceTest" file="/home/andobambino/dbwebb-kurser/mvc/me/report/tests/Dice/DiceTest.php" line="16" assertions="2" time="0.000424"/>
        <testcase name="testDiceRoll" class="App\Dice\DiceTest" classname="App.Dice.DiceTest" file="/home/andobambino/dbwebb-kurser/mvc/me/report/tests/Dice/DiceTest.php" line="28" assertions="1" time="0.000560"/>
        <testcase name="testDiceGetAsString" class="App\Dice\DiceTest" classname="App.Dice.DiceTest" file="/home/andobambino/dbwebb-kurser/mvc/me/report/tests/Dice/DiceTest.php" line="44" assertions="1" time="0.000409"/>
      </testsuite>
    </testsuite>
  </testsuite>
</testsuites>
