<?xml version="1.0" encoding="UTF-8"?>
<testsuites>
  <testsuite name="" tests="28" assertions="42" errors="0" warnings="0" failures="0" skipped="0" time="0.026333">
    <testsuite name="Project Test Suite" tests="28" assertions="42" errors="0" warnings="0" failures="0" skipped="0" time="0.026333">
      <testsuite name="App\Card\CardGameTest" file="/home/andobambino/dbwebb-kurser/mvc/me/report/tests/Card/CardGameTest.php" tests="6" assertions="8" errors="0" warnings="0" failures="0" skipped="0" time="0.010108">
        <testcase name="testCreateCardGame" class="App\Card\CardGameTest" classname="App.Card.CardGameTest" file="/home/andobambino/dbwebb-kurser/mvc/me/report/tests/Card/CardGameTest.php" line="17" assertions="1" time="0.005964"/>
        <testcase name="testCardGameTemper" class="App\Card\CardGameTest" classname="App.Card.CardGameTest" file="/home/andobambino/dbwebb-kurser/mvc/me/report/tests/Card/CardGameTest.php" line="26" assertions="1" time="0.002716"/>
        <testcase name="testCardGameWinCheckerOne" class="App\Card\CardGameTest" classname="App.Card.CardGameTest" file="/home/andobambino/dbwebb-kurser/mvc/me/report/tests/Card/CardGameTest.php" line="42" assertions="1" time="0.000380"/>
        <testcase name="testCardGameWinCheckerTwo" class="App\Card\CardGameTest" classname="App.Card.CardGameTest" file="/home/andobambino/dbwebb-kurser/mvc/me/report/tests/Card/CardGameTest.php" line="67" assertions="1" time="0.000355"/>
        <testcase name="testCardGameWinCheckerThree" class="App\Card\CardGameTest" classname="App.Card.CardGameTest" file="/home/andobambino/dbwebb-kurser/mvc/me/report/tests/Card/CardGameTest.php" line="92" assertions="1" time="0.000330"/>
        <testcase name="testCardGameWinCheckerFour" class="App\Card\CardGameTest" classname="App.Card.CardGameTest" file="/home/andobambino/dbwebb-kurser/mvc/me/report/tests/Card/CardGameTest.php" line="116" assertions="3" time="0.000363"/>
      </testsuite>
      <testsuite name="App\Card\CardGraphicTest" file="/home/andobambino/dbwebb-kurser/mvc/me/report/tests/Card/CardGraphicTest.php" tests="4" assertions="8" errors="0" warnings="0" failures="0" skipped="0" time="0.001052">
        <testcase name="testCreateCardGraphic" class="App\Card\CardGraphicTest" classname="App.Card.CardGraphicTest" file="/home/andobambino/dbwebb-kurser/mvc/me/report/tests/Card/CardGraphicTest.php" line="16" assertions="1" time="0.000245"/>
        <testcase name="testCardGraphicCardPoint" class="App\Card\CardGraphicTest" classname="App.Card.CardGraphicTest" file="/home/andobambino/dbwebb-kurser/mvc/me/report/tests/Card/CardGraphicTest.php" line="26" assertions="1" time="0.000248"/>
        <testcase name="testCardGraphicTemper" class="App\Card\CardGraphicTest" classname="App.Card.CardGraphicTest" file="/home/andobambino/dbwebb-kurser/mvc/me/report/tests/Card/CardGraphicTest.php" line="40" assertions="1" time="0.000274"/>
        <testcase name="testCardGraphicColor" class="App\Card\CardGraphicTest" classname="App.Card.CardGraphicTest" file="/home/andobambino/dbwebb-kurser/mvc/me/report/tests/Card/CardGraphicTest.php" line="57" assertions="5" time="0.000285"/>
      </testsuite>
      <testsuite name="App\Card\CardHandTest" file="/home/andobambino/dbwebb-kurser/mvc/me/report/tests/Card/CardHandTest.php" tests="6" assertions="11" errors="0" warnings="0" failures="0" skipped="0" time="0.007753">
        <testcase name="testCreateCardHand" class="App\Card\CardHandTest" classname="App.Card.CardHandTest" file="/home/andobambino/dbwebb-kurser/mvc/me/report/tests/Card/CardHandTest.php" line="16" assertions="2" time="0.000678"/>
        <testcase name="testCardHandWholeDeck" class="App\Card\CardHandTest" classname="App.Card.CardHandTest" file="/home/andobambino/dbwebb-kurser/mvc/me/report/tests/Card/CardHandTest.php" line="28" assertions="1" time="0.000394"/>
        <testcase name="testCardHandShuffle" class="App\Card\CardHandTest" classname="App.Card.CardHandTest" file="/home/andobambino/dbwebb-kurser/mvc/me/report/tests/Card/CardHandTest.php" line="41" assertions="1" time="0.005791"/>
        <testcase name="testCardHandAdd" class="App\Card\CardHandTest" classname="App.Card.CardHandTest" file="/home/andobambino/dbwebb-kurser/mvc/me/report/tests/Card/CardHandTest.php" line="60" assertions="2" time="0.000288"/>
        <testcase name="testCardHandUnicodeString" class="App\Card\CardHandTest" classname="App.Card.CardHandTest" file="/home/andobambino/dbwebb-kurser/mvc/me/report/tests/Card/CardHandTest.php" line="81" assertions="2" time="0.000279"/>
        <testcase name="testCardHandDraw" class="App\Card\CardHandTest" classname="App.Card.CardHandTest" file="/home/andobambino/dbwebb-kurser/mvc/me/report/tests/Card/CardHandTest.php" line="101" assertions="3" time="0.000324"/>
      </testsuite>
      <testsuite name="App\Card\CardTest" file="/home/andobambino/dbwebb-kurser/mvc/me/report/tests/Card/CardTest.php" tests="3" assertions="4" errors="0" warnings="0" failures="0" skipped="0" time="0.000739">
        <testcase name="testCreateCard" class="App\Card\CardTest" classname="App.Card.CardTest" file="/home/andobambino/dbwebb-kurser/mvc/me/report/tests/Card/CardTest.php" line="16" assertions="2" time="0.000255"/>
        <testcase name="testCardUnicode" class="App\Card\CardTest" classname="App.Card.CardTest" file="/home/andobambino/dbwebb-kurser/mvc/me/report/tests/Card/CardTest.php" line="28" assertions="1" time="0.000242"/>
        <testcase name="testCardColor" class="App\Card\CardTest" classname="App.Card.CardTest" file="/home/andobambino/dbwebb-kurser/mvc/me/report/tests/Card/CardTest.php" line="40" assertions="1" time="0.000242"/>
      </testsuite>
      <testsuite name="App\Dice\DiceGraphicTest" file="/home/andobambino/dbwebb-kurser/mvc/me/report/tests/Dice/DiceGraphicTest.php" tests="2" assertions="2" errors="0" warnings="0" failures="0" skipped="0" time="0.001764">
        <testcase name="testCreateDiceGraphic" class="App\Dice\DiceGraphicTest" classname="App.Dice.DiceGraphicTest" file="/home/andobambino/dbwebb-kurser/mvc/me/report/tests/Dice/DiceGraphicTest.php" line="16" assertions="1" time="0.000810"/>
        <testcase name="testDiceGraphicDicePoint" class="App\Dice\DiceGraphicTest" classname="App.Dice.DiceGraphicTest" file="/home/andobambino/dbwebb-kurser/mvc/me/report/tests/Dice/DiceGraphicTest.php" line="26" assertions="1" time="0.000954"/>
      </testsuite>
      <testsuite name="App\Dice\DiceHandTest" file="/home/andobambino/dbwebb-kurser/mvc/me/report/tests/Dice/DiceHandTest.php" tests="4" assertions="5" errors="0" warnings="0" failures="0" skipped="0" time="0.003257">
        <testcase name="testCreateDiceHand" class="App\Dice\DiceHandTest" classname="App.Dice.DiceHandTest" file="/home/andobambino/dbwebb-kurser/mvc/me/report/tests/Dice/DiceHandTest.php" line="16" assertions="2" time="0.000897"/>
        <testcase name="testDiceAdd" class="App\Dice\DiceHandTest" classname="App.Dice.DiceHandTest" file="/home/andobambino/dbwebb-kurser/mvc/me/report/tests/Dice/DiceHandTest.php" line="28" assertions="1" time="0.001012"/>
        <testcase name="testDiceGetInt" class="App\Dice\DiceHandTest" classname="App.Dice.DiceHandTest" file="/home/andobambino/dbwebb-kurser/mvc/me/report/tests/Dice/DiceHandTest.php" line="44" assertions="1" time="0.000664"/>
        <testcase name="testDiceGetString" class="App\Dice\DiceHandTest" classname="App.Dice.DiceHandTest" file="/home/andobambino/dbwebb-kurser/mvc/me/report/tests/Dice/DiceHandTest.php" line="62" assertions="1" time="0.000684"/>
      </testsuite>
      <testsuite name="App\Dice\DiceTest" file="/home/andobambino/dbwebb-kurser/mvc/me/report/tests/Dice/DiceTest.php" tests="3" assertions="4" errors="0" warnings="0" failures="0" skipped="0" time="0.001660">
        <testcase name="testCreateDice" class="App\Dice\DiceTest" classname="App.Dice.DiceTest" file="/home/andobambino/dbwebb-kurser/mvc/me/report/tests/Dice/DiceTest.php" line="16" assertions="2" time="0.000573"/>
        <testcase name="testDiceRoll" class="App\Dice\DiceTest" classname="App.Dice.DiceTest" file="/home/andobambino/dbwebb-kurser/mvc/me/report/tests/Dice/DiceTest.php" line="28" assertions="1" time="0.000604"/>
        <testcase name="testDiceGetAsString" class="App\Dice\DiceTest" classname="App.Dice.DiceTest" file="/home/andobambino/dbwebb-kurser/mvc/me/report/tests/Dice/DiceTest.php" line="44" assertions="1" time="0.000484"/>
      </testsuite>
    </testsuite>
  </testsuite>
</testsuites>
